<?xml version="1.0" encoding="UTF-8"?>
<testng-results skipped="0" failed="0" total="1" passed="1">
  <reporter-output>
  </reporter-output>
  <suite name="Default suite" duration-ms="12429" started-at="2015-05-26T10:12:06Z" finished-at="2015-05-26T10:12:18Z">
    <groups>
    </groups>
    <test name="Default test" duration-ms="12429" started-at="2015-05-26T10:12:06Z" finished-at="2015-05-26T10:12:18Z">
      <class name="EMS_Portal.Create_New_Consultant">
        <test-method status="PASS" signature="setUp()[pri:0, instance:EMS_Portal.Create_New_Consultant@18ee9d6]" name="setUp" is-config="true" duration-ms="5792" started-at="2015-05-26T15:42:06Z" finished-at="2015-05-26T15:42:12Z">
          <reporter-output>
          </reporter-output>
        </test-method> <!-- setUp -->
        <test-method status="PASS" signature="testDataProviderExample(java.lang.String, java.lang.String, java.lang.String, java.lang.String, java.lang.String, java.lang.String, java.lang.String, java.lang.String, java.lang.String, java.lang.String, java.lang.String, java.lang.String, java.lang.String, java.lang.String, java.lang.String, java.lang.String, java.lang.String, java.lang.String)[pri:0, instance:EMS_Portal.Create_New_Consultant@18ee9d6]" name="testDataProviderExample" duration-ms="6430" started-at="2015-05-26T15:42:12Z" data-provider="DP1" finished-at="2015-05-26T15:42:18Z">
          <params>
            <param index="0">
              <value>
                <![CDATA[admin]]>
              </value>
            </param>
            <param index="1">
              <value>
                <![CDATA[admin]]>
              </value>
            </param>
            <param index="2">
              <value>
                <![CDATA[Hari]]>
              </value>
            </param>
            <param index="3">
              <value>
                <![CDATA[Nath]]>
              </value>
            </param>
            <param index="4">
              <value>
                <![CDATA[9959857144]]>
              </value>
            </param>
            <param index="5">
              <value>
                <![CDATA[hari@gmail.com]]>
              </value>
            </param>
            <param index="6">
              <value>
                <![CDATA[30]]>
              </value>
            </param>
            <param index="7">
              <value>
                <![CDATA[4+]]>
              </value>
            </param>
            <param index="8">
              <value>
                <![CDATA[4+]]>
              </value>
            </param>
            <param index="9">
              <value>
                <![CDATA[Andhra Pradesh]]>
              </value>
            </param>
            <param index="10">
              <value>
                <![CDATA[Hyd]]>
              </value>
            </param>
            <param index="11">
              <value>
                <![CDATA[30000]]>
              </value>
            </param>
            <param index="12">
              <value>
                <![CDATA[Monthly]]>
              </value>
            </param>
            <param index="13">
              <value>
                <![CDATA[Permanent]]>
              </value>
            </param>
            <param index="14">
              <value>
                <![CDATA[Infokall India DB]]>
              </value>
            </param>
            <param index="15">
              <value>
                <![CDATA[pre_location]]>
              </value>
            </param>
            <param index="16">
              <value>
                <![CDATA[Admin Bartronics]]>
              </value>
            </param>
            <param index="17">
              <value>
                <![CDATA[Sourcing]]>
              </value>
            </param>
          </params>
          <reporter-output>
          </reporter-output>
        </test-method> <!-- testDataProviderExample -->
      </class> <!-- EMS_Portal.Create_New_Consultant -->
    </test> <!-- Default test -->
  </suite> <!-- Default suite -->
</testng-results>
